<?xml version="1.0" encoding="UTF-8"?>
<!-- Generated by org.testng.reporters.JUnitXMLReporter -->
<testsuite hostname="mehers-MBP" name="Default test" tests="3" failures="0" timestamp="11 Oct 2016 21:10:49 GMT" time="14.65" errors="0">
  <testcase name="verifyLatestNewsHeader" time="0.628" classname="tests.functional.MainTest"/>
  <testcase name="verifyJobsPageHeader" time="4.302" classname="tests.functional.MainTest"/>
  <testcase name="verifyNoOfOfficeLocations" time="0.114" classname="tests.functional.MainTest"/>
</testsuite> <!-- Default test -->
