<?xml version="1.0" encoding="UTF-8"?>
<testng-results skipped="0" failed="0" total="3" passed="3">
  <reporter-output>
  </reporter-output>
  <suite name="Default suite" duration-ms="14650" started-at="2016-10-11T21:10:35Z" finished-at="2016-10-11T21:10:49Z">
    <groups>
    </groups>
    <test name="Default test" duration-ms="14650" started-at="2016-10-11T21:10:35Z" finished-at="2016-10-11T21:10:49Z">
      <class name="tests.functional.MainTest">
        <test-method status="PASS" signature="setUp()[pri:0, instance:tests.functional.MainTest@19bb089b]" name="setUp" is-config="true" duration-ms="9430" started-at="2016-10-11T22:10:35Z" finished-at="2016-10-11T22:10:44Z">
          <reporter-output>
          </reporter-output>
        </test-method> <!-- setUp -->
        <test-method status="PASS" signature="verifyLatestNewsHeader()[pri:0, instance:tests.functional.MainTest@19bb089b]" name="verifyLatestNewsHeader" duration-ms="628" started-at="2016-10-11T22:10:44Z" description="Verifying Latest News Header" finished-at="2016-10-11T22:10:45Z">
          <reporter-output>
          </reporter-output>
        </test-method> <!-- verifyLatestNewsHeader -->
        <test-method status="PASS" signature="takesScreenShotIfFailed(org.testng.ITestResult)[pri:0, instance:tests.functional.MainTest@19bb089b]" name="takesScreenShotIfFailed" is-config="true" duration-ms="1" started-at="2016-10-11T22:10:45Z" finished-at="2016-10-11T22:10:45Z">
          <params>
            <param index="0">
              <value>
                <![CDATA[[TestResult name=verifyLatestNewsHeader status=SUCCESS method=MainTest.verifyLatestNewsHeader()[pri:0, instance:tests.functional.MainTest@19bb089b] output={null}]]]>
              </value>
            </param>
          </params>
          <reporter-output>
          </reporter-output>
        </test-method> <!-- takesScreenShotIfFailed -->
        <test-method status="PASS" signature="verifyJobsPageHeader()[pri:0, instance:tests.functional.MainTest@19bb089b]" name="verifyJobsPageHeader" duration-ms="4302" started-at="2016-10-11T22:10:45Z" description="Verifying Jobs page Header" depends-on-methods="tests.functional.MainTest.verifyLatestNewsHeader" finished-at="2016-10-11T22:10:49Z">
          <reporter-output>
          </reporter-output>
        </test-method> <!-- verifyJobsPageHeader -->
        <test-method status="PASS" signature="takesScreenShotIfFailed(org.testng.ITestResult)[pri:0, instance:tests.functional.MainTest@19bb089b]" name="takesScreenShotIfFailed" is-config="true" duration-ms="1" started-at="2016-10-11T22:10:49Z" finished-at="2016-10-11T22:10:49Z">
          <params>
            <param index="0">
              <value>
                <![CDATA[[TestResult name=verifyJobsPageHeader status=SUCCESS method=MainTest.verifyJobsPageHeader()[pri:0, instance:tests.functional.MainTest@19bb089b] output={null}]]]>
              </value>
            </param>
          </params>
          <reporter-output>
          </reporter-output>
        </test-method> <!-- takesScreenShotIfFailed -->
        <test-method status="PASS" signature="verifyNoOfOfficeLocations()[pri:0, instance:tests.functional.MainTest@19bb089b]" name="verifyNoOfOfficeLocations" duration-ms="114" started-at="2016-10-11T22:10:49Z" description="Verifying No. of office locations" depends-on-methods="tests.functional.MainTest.verifyLatestNewsHeader" finished-at="2016-10-11T22:10:49Z">
          <reporter-output>
          </reporter-output>
        </test-method> <!-- verifyNoOfOfficeLocations -->
        <test-method status="PASS" signature="takesScreenShotIfFailed(org.testng.ITestResult)[pri:0, instance:tests.functional.MainTest@19bb089b]" name="takesScreenShotIfFailed" is-config="true" duration-ms="1" started-at="2016-10-11T22:10:49Z" finished-at="2016-10-11T22:10:49Z">
          <params>
            <param index="0">
              <value>
                <![CDATA[[TestResult name=verifyNoOfOfficeLocations status=SUCCESS method=MainTest.verifyNoOfOfficeLocations()[pri:0, instance:tests.functional.MainTest@19bb089b] output={null}]]]>
              </value>
            </param>
          </params>
          <reporter-output>
          </reporter-output>
        </test-method> <!-- takesScreenShotIfFailed -->
        <test-method status="PASS" signature="tearDown()[pri:0, instance:tests.functional.MainTest@19bb089b]" name="tearDown" is-config="true" duration-ms="151" started-at="2016-10-11T22:10:49Z" finished-at="2016-10-11T22:10:49Z">
          <reporter-output>
          </reporter-output>
        </test-method> <!-- tearDown -->
      </class> <!-- tests.functional.MainTest -->
    </test> <!-- Default test -->
  </suite> <!-- Default suite -->
</testng-results>
